<?xml version="1.0" encoding="utf-8"?><testsuites name="pytest tests"><testsuite name="pytest" errors="0" failures="1" skipped="0" tests="5" time="0.274" timestamp="2026-09-05T05:58:22.342006-07:00" hostname="BitwiseTower"><testcase classname="tests.test_bot_commands.TestSpawnHardwareCaptureStream" name="test_missing_profile_prints_and_returns" time="0.001" /><testcase classname="tests.test_bot_commands.TestSpawnHardwareCaptureStream" name="test_empty_template_prints_and_returns" time="0.001" /><testcase classname="tests.test_bot_commands.TestSpawnHardwareCaptureStream" name="test_spawns_subprocess_with_compiled_template" time="0.001" /><testcase classname="tests.test_bot_commands.TestSpawnHardwareCaptureStream" name="test_stops_previous_process_first" time="0.000" /><testcase classname="tests.test_bot_commands.TestSpawnHardwareCaptureStream" name="test_docker_compose_dispatch_calls_android_stack" time="0.001"><failure message="ValueError: not enough values to unpack (expected 2, got 0)">tests/test_bot_commands.py:381: in test_docker_compose_dispatch_calls_android_stack
    bot.spawn_hardware_capture_stream({
bot.py:514: in spawn_hardware_capture_stream
    _spawn_android_emulator_stack(active_source)
bot.py:459: in _spawn_android_emulator_stack
    result = subprocess.run(
/usr/lib/python3.14/subprocess.py:557: in run
    stdout, stderr = process.communicate(input, timeout=timeout)
    ^^^^^^^^^^^^^^
E   ValueError: not enough values to unpack (expected 2, got 0)</failure></testcase></testsuite></testsuites>