<?xml version="1.0" encoding="utf-8"?><testsuites name="pytest tests"><testsuite name="pytest" errors="0" failures="12" skipped="0" tests="98" time="0.498" timestamp="2026-09-03T22:37:00.707062-07:00" hostname="BitwiseTower"><testcase classname="tests.test_bot.TestParseDurationToSeconds" name="test_seconds" time="0.001" /><testcase classname="tests.test_bot.TestParseDurationToSeconds" name="test_minutes" time="0.000" /><testcase classname="tests.test_bot.TestParseDurationToSeconds" name="test_hours" time="0.000" /><testcase classname="tests.test_bot.TestParseDurationToSeconds" name="test_fractional_minutes" time="0.000" /><testcase classname="tests.test_bot.TestParseDurationToSeconds" name="test_fractional_hours" time="0.000" /><testcase classname="tests.test_bot.TestParseDurationToSeconds" name="test_various_values[0s]" time="0.000" /><testcase classname="tests.test_bot.TestParseDurationToSeconds" name="test_various_values[0m]" time="0.000" /><testcase classname="tests.test_bot.TestParseDurationToSeconds" name="test_various_values[0h]" time="0.000" /><testcase classname="tests.test_bot.TestParseDurationToSeconds" name="test_various_values[60s]" time="0.000" /><testcase classname="tests.test_bot.TestParseDurationToSeconds" name="test_various_values[60m]" time="0.000" /><testcase classname="tests.test_bot.TestParseDurationToSeconds" name="test_various_values[60h]" time="0.000" /><testcase classname="tests.test_bot.TestParseDurationToSeconds" name="test_various_values[120s]" time="0.000" /><testcase classname="tests.test_bot.TestParseDurationToSeconds" name="test_various_values[3h]" time="0.000" /><testcase classname="tests.test_bot.TestParseDurationToSeconds" name="test_various_values[45m]" time="0.000" /><testcase classname="tests.test_bot.TestParseDurationToSeconds" name="test_absolute_time_no_am_pm" time="0.000" /><testcase classname="tests.test_bot.TestParseDurationToSeconds" name="test_absolute_time_am_pm[12:00am-0-0]" time="0.001" /><testcase classname="tests.test_bot.TestParseDurationToSeconds" name="test_absolute_time_am_pm[12:00pm-12-12]" time="0.000" /><testcase classname="tests.test_bot.TestParseDurationToSeconds" name="test_absolute_time_am_pm[1:00am-1-1]" time="0.000" /><testcase classname="tests.test_bot.TestParseDurationToSeconds" name="test_absolute_time_am_pm[1:00pm-13-19]" time="0.000" /><testcase classname="tests.test_bot.TestParseDurationToSeconds" name="test_absolute_time_am_pm[11:59pm-23-23]" time="0.000" /><testcase classname="tests.test_bot.TestParseDurationToSeconds" name="test_absolute_time_past_today" time="0.001"><failure message="assert 7200 &gt; (3600 * 14)">tests/test_bot.py:100: in test_absolute_time_past_today
    assert result &gt; 3600 * 14  # at least ~14h away
    ^^^^^^^^^^^^^^^^^^^^^^^^^
E   assert 7200 &gt; (3600 * 14)</failure></testcase><testcase classname="tests.test_bot.TestParseDurationToSeconds" name="test_absolute_time_with_am_noon" time="0.000" /><testcase classname="tests.test_bot.TestParseDurationToSeconds" name="test_absolute_time_with_pm_evening" time="0.000" /><testcase classname="tests.test_bot.TestParseDurationToSeconds" name="test_invalid_raises" time="0.000" /><testcase classname="tests.test_bot.TestParseDurationToSeconds" name="test_whitespace_stripped" time="0.000" /><testcase classname="tests.test_bot.TestParseScanRange" name="test_no_scan_returns_none" time="0.000" /><testcase classname="tests.test_bot.TestParseScanRange" name="test_scan_default_returns_defaults" time="0.000" /><testcase classname="tests.test_bot.TestParseScanRange" name="test_scan_with_range" time="0.000" /><testcase classname="tests.test_bot.TestParseScanRange" name="test_scan_with_decimal_range" time="0.000" /><testcase classname="tests.test_bot.TestParseScanRange" name="test_scan_trailing_m" time="0.000"><failure message="assert None == (88000000, 108000000)">tests/test_bot.py:167: in test_scan_trailing_m
    assert result == (88_000_000, 108_000_000)
E   assert None == (88000000, 108000000)</failure></testcase><testcase classname="tests.test_bot.TestParseScanRange" name="test_scan_spaces_around_dash" time="0.000" /><testcase classname="tests.test_bot.TestParseScanRange" name="test_scan_end_equal_to_start_raises" time="0.000" /><testcase classname="tests.test_bot.TestParseScanRange" name="test_scan_negative_span_raises" time="0.000" /><testcase classname="tests.test_bot.TestParseScanRange" name="test_scan_too_wide_raises" time="0.000" /><testcase classname="tests.test_bot.TestParseScanRange" name="test_scan_case_insensitive" time="0.000" /><testcase classname="tests.test_bot.TestResolveActiveSource" name="test_exact_device_match" time="0.000" /><testcase classname="tests.test_bot.TestResolveActiveSource" name="test_no_device_match_falls_back_to_first_type_match" time="0.000" /><testcase classname="tests.test_bot.TestResolveActiveSource" name="test_no_device_given_returns_first_type_match" time="0.000" /><testcase classname="tests.test_bot.TestResolveActiveSource" name="test_type_not_found_returns_test_signal_fallback" time="0.000"><failure message="AssertionError: assert 'usb_mic' == 'test_signal'&#10;  &#10;  - test_signal&#10;  + usb_mic">tests/test_bot.py:226: in test_type_not_found_returns_test_signal_fallback
    assert result["type"] == "test_signal"
E   AssertionError: assert 'usb_mic' == 'test_signal'
E     
E     - test_signal
E     + usb_mic</failure></testcase><testcase classname="tests.test_bot.TestResolveActiveSource" name="test_empty_sources_returns_fallback" time="0.000" /><testcase classname="tests.test_bot.TestResolveActiveSource" name="test_device_none_treated_as_no_device" time="0.000" /><testcase classname="tests.test_bot.TestResolveActiveSource" name="test_device_empty_string" time="0.000" /><testcase classname="tests.test_bot.TestSaveStreamState" name="test_write_and_read" time="0.001" /><testcase classname="tests.test_bot.TestSaveStreamState" name="test_write_falls_back_to_test_signal" time="0.000" /><testcase classname="tests.test_bot.TestSaveStreamState" name="test_write_is_active_false" time="0.000" /><testcase classname="tests.test_bot.TestClearStreamState" name="test_clear_sets_inactive" time="0.000" /><testcase classname="tests.test_bot.TestClearStreamState" name="test_clear_no_file_does_not_raise" time="0.000" /><testcase classname="tests.test_bot.TestLoadMatrixSourceProfiles" name="test_loads_valid_profiles" time="0.000" /><testcase classname="tests.test_bot.TestLoadMatrixSourceProfiles" name="test_self_heals_missing_test_signal" time="0.000" /><testcase classname="tests.test_bot.TestLoadMatrixSourceProfiles" name="test_skips_files_without_type" time="0.000" /><testcase classname="tests.test_bot.TestLoadMatrixSourceProfiles" name="test_skips_invalid_json" time="0.000" /><testcase classname="tests.test_bot.TestLoadMatrixSourceProfiles" name="test_sorted_by_filename" time="0.000" /><testcase classname="tests.test_bot.TestDiscoverHardwareProfile" name="test_always_includes_test_signal_at_index_0" time="0.016" /><testcase classname="tests.test_bot.TestDiscoverHardwareProfile" name="test_caches_to_sources_cache_file" time="0.011" /><testcase classname="tests.test_bot.TestProbeDeviceHasSignal" name="test_non_plughw_returns_error" time="0.000" /><testcase classname="tests.test_bot.TestProbeDeviceHasSignal" name="test_empty_device_returns_error" time="0.000" /><testcase classname="tests.test_bot.TestProbeDeviceHasSignal" name="test_no_arecord_returns_error" time="0.000" /><testcase classname="tests.test_bot.TestProbeDeviceHasSignal" name="test_nonzero_returncode_returns_error" time="0.000" /><testcase classname="tests.test_bot.TestProbeDeviceHasSignal" name="test_timeout_returns_error" time="0.000" /><testcase classname="tests.test_bot.TestProbeDeviceHasSignal" name="test_exception_returns_error" time="0.000" /><testcase classname="tests.test_bot.TestProbeDeviceHasSignal" name="test_empty_output_returns_error" time="0.000" /><testcase classname="tests.test_bot.TestProbeDeviceHasSignal" name="test_silent_below_threshold" time="0.000" /><testcase classname="tests.test_bot.TestProbeDeviceHasSignal" name="test_above_threshold" time="0.000"><failure message="AssertionError: assert 'silent' == 'signal'&#10;  &#10;  - signal&#10;  + silent">tests/test_bot.py:468: in test_above_threshold
    assert status == "signal"
E   AssertionError: assert 'silent' == 'signal'
E     
E     - signal
E     + silent</failure></testcase><testcase classname="tests.test_bot.TestScanSourcesForSignal" name="test_only_probes_plughw" time="0.000" /><testcase classname="tests.test_bot.TestMergeNearbyChannels" name="test_no_merge_when_spaced" time="0.000" /><testcase classname="tests.test_bot.TestMergeNearbyChannels" name="test_merge_closely_spaced" time="0.000" /><testcase classname="tests.test_bot.TestMergeNearbyChannels" name="test_merge_keeps_strongest" time="0.000" /><testcase classname="tests.test_bot.TestMergeNearbyChannels" name="test_empty_list" time="0.000" /><testcase classname="tests.test_bot.TestMergeNearbyChannels" name="test_single_entry" time="0.000" /><testcase classname="tests.test_bot.TestFindPeaksInStep" name="test_no_samples_below_fft_size" time="0.000" /><testcase classname="tests.test_bot.TestFindPeaksInStep" name="test_no_peaks_above_threshold" time="0.014" /><testcase classname="tests.test_bot.TestFindPeaksInStep" name="test_with_signal_peak" time="0.001" /><testcase classname="tests.test_bot.TestCaptureIqSamples" name="test_success_returns_complex_array" time="0.000"><failure message="TypeError: expected a sequence of integers or a single integer, got '1200000.0'">tests/test_bot.py:586: in test_success_returns_complex_array
    iq_data = (rng.random(num_bytes) * 255).astype(np.uint8)
               ^^^^^^^^^^^^^^^^^^^^^
numpy/random/_generator.pyx:358: in numpy.random._generator.Generator.random
    ???
numpy/random/_common.pyx:310: in numpy.random._common.double_fill
    ???
E   TypeError: expected a sequence of integers or a single integer, got '1200000.0'</failure></testcase><testcase classname="tests.test_bot.TestCaptureIqSamples" name="test_failure_raises" time="0.000" /><testcase classname="tests.test_bot.TestCaptureIqSamples" name="test_no_output_raises" time="0.001"><failure message="AssertionError: Regex pattern did not match.&#10;  Expected regex: 'no samples'&#10;  Actual message: &quot;&lt;MagicMock name='mock.stderr.decode().strip().splitlines().__getitem__()' id='127522642627280'&gt;&quot;">tests/test_bot.py:605: in test_no_output_raises
    with pytest.raises(RuntimeError, match="no samples"):
         ^^^^^^^^^^^^^^^^^^^^^^^^^^^^^^^^^^^^^^^^^^^^^^^
E   AssertionError: Regex pattern did not match.
E     Expected regex: 'no samples'
E     Actual message: "&lt;MagicMock name='mock.stderr.decode().strip().splitlines().__getitem__()' id='127522642627280'&gt;"</failure></testcase><testcase classname="tests.test_bot.TestCaptureIqSamples" name="test_output_too_short_raises" time="0.001"><failure message="AssertionError: Regex pattern did not match.&#10;  Expected regex: 'no samples'&#10;  Actual message: &quot;&lt;MagicMock name='mock.stderr.decode().strip().splitlines().__getitem__()' id='127522641252368'&gt;&quot;">tests/test_bot.py:611: in test_output_too_short_raises
    with pytest.raises(RuntimeError, match="no samples"):
         ^^^^^^^^^^^^^^^^^^^^^^^^^^^^^^^^^^^^^^^^^^^^^^^
E   AssertionError: Regex pattern did not match.
E     Expected regex: 'no samples'
E     Actual message: "&lt;MagicMock name='mock.stderr.decode().strip().splitlines().__getitem__()' id='127522641252368'&gt;"</failure></testcase><testcase classname="tests.test_bot.TestScanForClearChannelsSync" name="test_single_step_no_peaks" time="0.000" /><testcase classname="tests.test_bot.TestScanForClearChannelsSync" name="test_single_step_with_peaks" time="0.000"><failure message="UnboundLocalError: cannot access local variable 'fake_capture' where it is not associated with a value">tests/test_bot.py:638: in test_single_step_with_peaks
    with patch.object(bot, "capture_iq_samples", side_effect=fake_capture), \
                                                             ^^^^^^^^^^^^
E   UnboundLocalError: cannot access local variable 'fake_capture' where it is not associated with a value</failure></testcase><testcase classname="tests.test_bot.TestStopActiveHardwareProcess" name="test_no_processes" time="0.000" /><testcase classname="tests.test_bot.TestStopActiveHardwareProcess" name="test_stops_hardware_process" time="0.001"><failure message="AttributeError: 'builtin_function_or_method' object has no attribute 'assert_called_with'">tests/test_bot.py:682: in test_stops_hardware_process
    os.killpg.assert_called_with(100, 12)  # SIGTERM = 15... actually let's check
    ^^^^^^^^^^^^^^^^^^^^^^^^^^^^
E   AttributeError: 'builtin_function_or_method' object has no attribute 'assert_called_with'</failure></testcase><testcase classname="tests.test_bot.TestStopActiveHardwareProcess" name="test_sigterm_then_sigkill_on_timeout" time="0.001" /><testcase classname="tests.test_bot.TestExecuteStreamPipeline" name="test_missing_state_file" time="0.001" /><testcase classname="tests.test_bot.TestExecuteChannelScan" name="test_no_rtl_sdr" time="0.000"><failure message="RuntimeError: There is no current event loop in thread 'MainThread'.">tests/test_bot.py:747: in test_no_rtl_sdr
    asyncio.get_event_loop().run_until_complete(
    ^^^^^^^^^^^^^^^^^^^^^^^^
/usr/lib/python3.14/asyncio/events.py:715: in get_event_loop
    raise RuntimeError('There is no current event loop in thread %r.'
E   RuntimeError: There is no current event loop in thread 'MainThread'.</failure></testcase><testcase classname="tests.test_bot.TestExecuteChannelScan" name="test_no_numpy" time="0.000"><failure message="RuntimeError: There is no current event loop in thread 'MainThread'.">tests/test_bot.py:759: in test_no_numpy
    asyncio.get_event_loop().run_until_complete(
    ^^^^^^^^^^^^^^^^^^^^^^^^
/usr/lib/python3.14/asyncio/events.py:715: in get_event_loop
    raise RuntimeError('There is no current event loop in thread %r.'
E   RuntimeError: There is no current event loop in thread 'MainThread'.</failure></testcase><testcase classname="tests.test_bot.TestScanRangeEdgeCases" name="test_only_scan_keyword_with_uppercase" time="0.000" /><testcase classname="tests.test_bot.TestScanRangeEdgeCases" name="test_scan_with_leading_zero" time="0.000" /><testcase classname="tests.test_bot.TestScanRangeEdgeCases" name="test_scan_with_single_digit" time="0.000" /><testcase classname="tests.test_bot.TestProbeDeviceHasSignalEdgeCases" name="test_stderr_multiple_lines" time="0.000" /><testcase classname="tests.test_bot.TestProbeDeviceHasSignalEdgeCases" name="test_stderr_no_lines" time="0.000" /><testcase classname="tests.test_bot.TestProbeDeviceHasSignalEdgeCases" name="test_odd_number_of_bytes_strips_last" time="0.000" /><testcase classname="tests.test_bot.TestSaveStreamStateGlobals" name="test_includes_global_tuned_channel" time="0.008" /><testcase classname="tests.test_bot.TestResolveActiveSourceEdgeCases" name="test_target_device_exact_with_partial_match" time="0.000" /><testcase classname="tests.test_bot.TestResolveActiveSourceEdgeCases" name="test_fallback_to_first_when_type_has_multiple_entries" time="0.000" /><testcase classname="tests.test_bot.TestResolveActiveSourceEdgeCases" name="test_test_signal_fallback_has_description" time="0.000" /><testcase classname="tests.test_bot.TestSelfHealTestSignalProfile" name="test_creates_file_when_missing" time="0.001" /><testcase classname="tests.test_bot.TestSelfHealTestSignalProfile" name="test_skips_when_exists" time="0.101" /><testcase classname="tests.test_bot.TestParseScanRangeMore" name="test_scan_with_only_start" time="0.000" /><testcase classname="tests.test_bot.TestParseScanRangeMore" name="test_scan_non_numeric_raises_float_error" time="0.000"><failure message="Failed: DID NOT RAISE ValueError">tests/test_bot.py:913: in test_scan_non_numeric_raises_float_error
    with pytest.raises(ValueError):
         ^^^^^^^^^^^^^^^^^^^^^^^^^
E   Failed: DID NOT RAISE ValueError</failure></testcase></testsuite></testsuites>